<?xml version="1.0" encoding="UTF-8"?>
<!-- Generated by org.testng.reporters.JUnitReportReporter -->
<testsuite hostname="MSI" failures="0" tests="9" name="api.testcases.UserTestDD" time="18.516" errors="0" timestamp="2024-04-01T21:32:45 IST" skipped="0">
  <testcase classname="api.testcases.UserTestDD" name="testCreateUser" time="2.264"/>
  <system-out/>
  <testcase classname="api.testcases.UserTestDD" name="testCreateUser" time="1.984"/>
  <system-out/>
  <testcase classname="api.testcases.UserTestDD" name="testCreateUser" time="3.242"/>
  <system-out/>
  <testcase classname="api.testcases.UserTestDD" name="testGetUserData" time="1.890"/>
  <system-out/>
  <testcase classname="api.testcases.UserTestDD" name="testGetUserData" time="1.582"/>
  <system-out/>
  <testcase classname="api.testcases.UserTestDD" name="testGetUserData" time="2.184"/>
  <system-out/>
  <testcase classname="api.testcases.UserTestDD" name="testDeleteUser" time="1.674"/>
  <system-out/>
  <testcase classname="api.testcases.UserTestDD" name="testDeleteUser" time="1.740"/>
  <system-out/>
  <testcase classname="api.testcases.UserTestDD" name="testDeleteUser" time="1.956"/>
  <system-out/>
</testsuite> <!-- api.testcases.UserTestDD -->
