<?xml version="1.0" encoding="UTF-8"?>
<!-- Generated by org.testng.reporters.JUnitReportReporter -->
<testsuite hostname="MSI" failures="0" tests="4" name="api.testcases.UserTest" time="11.699" errors="0" timestamp="2024-03-31T23:39:02 IST" skipped="0">
  <testcase classname="api.testcases.UserTest" name="createTestUser" time="3.430"/>
  <system-out/>
  <testcase classname="api.testcases.UserTest" name="testGetUserData" time="2.134"/>
  <system-out/>
  <testcase classname="api.testcases.UserTest" name="testUpdateUser" time="3.999"/>
  <system-out/>
  <testcase classname="api.testcases.UserTest" name="testDeleteUser" time="2.136"/>
  <system-out/>
</testsuite> <!-- api.testcases.UserTest -->
