<?xml version="1.0" encoding="UTF-8"?>
<!-- Generated by org.testng.reporters.JUnitReportReporter -->
<testsuite hostname="MSI" failures="0" tests="4" name="api.testcases.UserTest2CreatedtotakeURLSfromPropertiesFile" time="11.686" errors="0" timestamp="2024-03-31T23:57:50 IST" skipped="0">
  <testcase classname="api.testcases.UserTest2CreatedtotakeURLSfromPropertiesFile" name="createTestUser" time="3.274"/>
  <system-out/>
  <testcase classname="api.testcases.UserTest2CreatedtotakeURLSfromPropertiesFile" name="testGetUserData" time="1.984"/>
  <system-out/>
  <testcase classname="api.testcases.UserTest2CreatedtotakeURLSfromPropertiesFile" name="testUpdateUser" time="4.382"/>
  <system-out/>
  <testcase classname="api.testcases.UserTest2CreatedtotakeURLSfromPropertiesFile" name="testDeleteUser" time="2.046"/>
  <system-out/>
</testsuite> <!-- api.testcases.UserTest2CreatedtotakeURLSfromPropertiesFile -->
