<?xml version="1.0" encoding="UTF-8"?>
<!-- Generated by org.testng.reporters.JUnitReportReporter -->
<testsuite hostname="MSI" failures="0" tests="4" name="api.testcases.UserTest" time="10.593" errors="0" timestamp="2024-04-01T11:40:51 IST" skipped="0">
  <testcase classname="api.testcases.UserTest" name="createTestUser" time="3.565"/>
  <system-out/>
  <testcase classname="api.testcases.UserTest" name="testGetUserData" time="1.735"/>
  <system-out/>
  <testcase classname="api.testcases.UserTest" name="testUpdateUser" time="3.619"/>
  <system-out/>
  <testcase classname="api.testcases.UserTest" name="testDeleteUser" time="1.674"/>
  <system-out/>
</testsuite> <!-- api.testcases.UserTest -->
